DEB [20201102-21:10:01.302] thr=1   paramiko.transport: starting thread (client mode): 0xacb83640
DEB [20201102-21:10:01.318] thr=1   paramiko.transport: Local version/idstring: SSH-2.0-paramiko_2.6.0
DEB [20201102-21:10:01.325] thr=1   paramiko.transport: Remote version/idstring: SSH-2.0-OpenSSH_7.4
INF [20201102-21:10:01.325] thr=1   paramiko.transport: Connected (version 2.0, client OpenSSH_7.4)
DEB [20201102-21:10:01.340] thr=1   paramiko.transport: kex algos:['curve25519-sha256', 'curve25519-sha256@libssh.org', 'ecdh-sha2-nistp256', 'ecdh-sha2-nistp384', 'ecdh-sha2-nistp521', 'diffie-hellman-group-exchange-sha256', 'diffie-hellman-group16-sha512', 'diffie-hellman-group18-sha512', 'diffie-hellman-group-exchange-sha1', 'diffie-hellman-group14-sha256', 'diffie-hellman-group14-sha1', 'diffie-hellman-group1-sha1'] server key:['ssh-rsa', 'rsa-sha2-512', 'rsa-sha2-256', 'ecdsa-sha2-nistp256', 'ssh-ed25519'] client encrypt:['chacha20-poly1305@openssh.com', 'aes128-ctr', 'aes192-ctr', 'aes256-ctr', 'aes128-gcm@openssh.com', 'aes256-gcm@openssh.com', 'aes128-cbc', 'aes192-cbc', 'aes256-cbc', 'blowfish-cbc', 'cast128-cbc', '3des-cbc'] server encrypt:['chacha20-poly1305@openssh.com', 'aes128-ctr', 'aes192-ctr', 'aes256-ctr', 'aes128-gcm@openssh.com', 'aes256-gcm@openssh.com', 'aes128-cbc', 'aes192-cbc', 'aes256-cbc', 'blowfish-cbc', 'cast128-cbc', '3des-cbc'] client mac:['umac-64-etm@openssh.com', 'umac-128-etm@openssh.com', 'hmac-sha2-256-etm@openssh.com', 'hmac-sha2-512-etm@openssh.com', 'hmac-sha1-etm@openssh.com', 'umac-64@openssh.com', 'umac-128@openssh.com', 'hmac-sha2-256', 'hmac-sha2-512', 'hmac-sha1'] server mac:['umac-64-etm@openssh.com', 'umac-128-etm@openssh.com', 'hmac-sha2-256-etm@openssh.com', 'hmac-sha2-512-etm@openssh.com', 'hmac-sha1-etm@openssh.com', 'umac-64@openssh.com', 'umac-128@openssh.com', 'hmac-sha2-256', 'hmac-sha2-512', 'hmac-sha1'] client compress:['none', 'zlib@openssh.com'] server compress:['none', 'zlib@openssh.com'] client lang:[''] server lang:[''] kex follows?False
DEB [20201102-21:10:01.340] thr=1   paramiko.transport: Kex agreed: curve25519-sha256@libssh.org
DEB [20201102-21:10:01.340] thr=1   paramiko.transport: HostKey agreed: ssh-ed25519
DEB [20201102-21:10:01.340] thr=1   paramiko.transport: Cipher agreed: aes128-ctr
DEB [20201102-21:10:01.341] thr=1   paramiko.transport: MAC agreed: hmac-sha2-256
DEB [20201102-21:10:01.341] thr=1   paramiko.transport: Compression agreed: none
DEB [20201102-21:10:01.448] thr=1   paramiko.transport: kex engine KexCurve25519 specified hash_algo <built-in function openssl_sha256>
DEB [20201102-21:10:01.452] thr=1   paramiko.transport: Switch to new keys ...
DEB [20201102-21:10:01.453] thr=2   paramiko.transport: Rejecting ssh-ed25519 host key for 192.168.1.72: b'5807da85d8c3fb3652c38b2204366594'
DEB [20201102-21:10:17.056] thr=1   paramiko.transport: starting thread (client mode): 0xf307b640
DEB [20201102-21:10:17.059] thr=1   paramiko.transport: Local version/idstring: SSH-2.0-paramiko_2.6.0
DEB [20201102-21:10:17.088] thr=1   paramiko.transport: Remote version/idstring: SSH-2.0-OpenSSH_7.4
INF [20201102-21:10:17.089] thr=1   paramiko.transport: Connected (version 2.0, client OpenSSH_7.4)
DEB [20201102-21:10:17.106] thr=1   paramiko.transport: kex algos:['curve25519-sha256', 'curve25519-sha256@libssh.org', 'ecdh-sha2-nistp256', 'ecdh-sha2-nistp384', 'ecdh-sha2-nistp521', 'diffie-hellman-group-exchange-sha256', 'diffie-hellman-group16-sha512', 'diffie-hellman-group18-sha512', 'diffie-hellman-group-exchange-sha1', 'diffie-hellman-group14-sha256', 'diffie-hellman-group14-sha1', 'diffie-hellman-group1-sha1'] server key:['ssh-rsa', 'rsa-sha2-512', 'rsa-sha2-256', 'ecdsa-sha2-nistp256', 'ssh-ed25519'] client encrypt:['chacha20-poly1305@openssh.com', 'aes128-ctr', 'aes192-ctr', 'aes256-ctr', 'aes128-gcm@openssh.com', 'aes256-gcm@openssh.com', 'aes128-cbc', 'aes192-cbc', 'aes256-cbc', 'blowfish-cbc', 'cast128-cbc', '3des-cbc'] server encrypt:['chacha20-poly1305@openssh.com', 'aes128-ctr', 'aes192-ctr', 'aes256-ctr', 'aes128-gcm@openssh.com', 'aes256-gcm@openssh.com', 'aes128-cbc', 'aes192-cbc', 'aes256-cbc', 'blowfish-cbc', 'cast128-cbc', '3des-cbc'] client mac:['umac-64-etm@openssh.com', 'umac-128-etm@openssh.com', 'hmac-sha2-256-etm@openssh.com', 'hmac-sha2-512-etm@openssh.com', 'hmac-sha1-etm@openssh.com', 'umac-64@openssh.com', 'umac-128@openssh.com', 'hmac-sha2-256', 'hmac-sha2-512', 'hmac-sha1'] server mac:['umac-64-etm@openssh.com', 'umac-128-etm@openssh.com', 'hmac-sha2-256-etm@openssh.com', 'hmac-sha2-512-etm@openssh.com', 'hmac-sha1-etm@openssh.com', 'umac-64@openssh.com', 'umac-128@openssh.com', 'hmac-sha2-256', 'hmac-sha2-512', 'hmac-sha1'] client compress:['none', 'zlib@openssh.com'] server compress:['none', 'zlib@openssh.com'] client lang:[''] server lang:[''] kex follows?False
DEB [20201102-21:10:17.107] thr=1   paramiko.transport: Kex agreed: curve25519-sha256@libssh.org
DEB [20201102-21:10:17.107] thr=1   paramiko.transport: HostKey agreed: ssh-ed25519
DEB [20201102-21:10:17.107] thr=1   paramiko.transport: Cipher agreed: aes128-ctr
DEB [20201102-21:10:17.107] thr=1   paramiko.transport: MAC agreed: hmac-sha2-256
DEB [20201102-21:10:17.107] thr=1   paramiko.transport: Compression agreed: none
DEB [20201102-21:10:17.203] thr=1   paramiko.transport: kex engine KexCurve25519 specified hash_algo <built-in function openssl_sha256>
DEB [20201102-21:10:17.207] thr=1   paramiko.transport: Switch to new keys ...
DEB [20201102-21:10:17.208] thr=2   paramiko.transport: Rejecting ssh-ed25519 host key for 192.168.1.72: b'5807da85d8c3fb3652c38b2204366594'
DEB [20201102-21:11:30.910] thr=1   paramiko.transport: starting thread (client mode): 0x5381a640
DEB [20201102-21:11:30.915] thr=1   paramiko.transport: Local version/idstring: SSH-2.0-paramiko_2.6.0
DEB [20201102-21:11:30.944] thr=1   paramiko.transport: Remote version/idstring: SSH-2.0-OpenSSH_7.4
INF [20201102-21:11:30.944] thr=1   paramiko.transport: Connected (version 2.0, client OpenSSH_7.4)
DEB [20201102-21:11:30.961] thr=1   paramiko.transport: kex algos:['curve25519-sha256', 'curve25519-sha256@libssh.org', 'ecdh-sha2-nistp256', 'ecdh-sha2-nistp384', 'ecdh-sha2-nistp521', 'diffie-hellman-group-exchange-sha256', 'diffie-hellman-group16-sha512', 'diffie-hellman-group18-sha512', 'diffie-hellman-group-exchange-sha1', 'diffie-hellman-group14-sha256', 'diffie-hellman-group14-sha1', 'diffie-hellman-group1-sha1'] server key:['ssh-rsa', 'rsa-sha2-512', 'rsa-sha2-256', 'ecdsa-sha2-nistp256', 'ssh-ed25519'] client encrypt:['chacha20-poly1305@openssh.com', 'aes128-ctr', 'aes192-ctr', 'aes256-ctr', 'aes128-gcm@openssh.com', 'aes256-gcm@openssh.com', 'aes128-cbc', 'aes192-cbc', 'aes256-cbc', 'blowfish-cbc', 'cast128-cbc', '3des-cbc'] server encrypt:['chacha20-poly1305@openssh.com', 'aes128-ctr', 'aes192-ctr', 'aes256-ctr', 'aes128-gcm@openssh.com', 'aes256-gcm@openssh.com', 'aes128-cbc', 'aes192-cbc', 'aes256-cbc', 'blowfish-cbc', 'cast128-cbc', '3des-cbc'] client mac:['umac-64-etm@openssh.com', 'umac-128-etm@openssh.com', 'hmac-sha2-256-etm@openssh.com', 'hmac-sha2-512-etm@openssh.com', 'hmac-sha1-etm@openssh.com', 'umac-64@openssh.com', 'umac-128@openssh.com', 'hmac-sha2-256', 'hmac-sha2-512', 'hmac-sha1'] server mac:['umac-64-etm@openssh.com', 'umac-128-etm@openssh.com', 'hmac-sha2-256-etm@openssh.com', 'hmac-sha2-512-etm@openssh.com', 'hmac-sha1-etm@openssh.com', 'umac-64@openssh.com', 'umac-128@openssh.com', 'hmac-sha2-256', 'hmac-sha2-512', 'hmac-sha1'] client compress:['none', 'zlib@openssh.com'] server compress:['none', 'zlib@openssh.com'] client lang:[''] server lang:[''] kex follows?False
DEB [20201102-21:11:30.962] thr=1   paramiko.transport: Kex agreed: curve25519-sha256@libssh.org
DEB [20201102-21:11:30.962] thr=1   paramiko.transport: HostKey agreed: ssh-ed25519
DEB [20201102-21:11:30.962] thr=1   paramiko.transport: Cipher agreed: aes128-ctr
DEB [20201102-21:11:30.962] thr=1   paramiko.transport: MAC agreed: hmac-sha2-256
DEB [20201102-21:11:30.962] thr=1   paramiko.transport: Compression agreed: none
DEB [20201102-21:11:31.056] thr=1   paramiko.transport: kex engine KexCurve25519 specified hash_algo <built-in function openssl_sha256>
DEB [20201102-21:11:31.060] thr=1   paramiko.transport: Switch to new keys ...
DEB [20201102-21:11:31.061] thr=2   paramiko.transport: Rejecting ssh-ed25519 host key for 192.168.1.72: b'5807da85d8c3fb3652c38b2204366594'
DEB [20201102-21:11:36.091] thr=1   paramiko.transport: starting thread (client mode): 0x9ba5a640
DEB [20201102-21:11:36.094] thr=1   paramiko.transport: Local version/idstring: SSH-2.0-paramiko_2.6.0
DEB [20201102-21:11:36.127] thr=1   paramiko.transport: Remote version/idstring: SSH-2.0-OpenSSH_7.4
INF [20201102-21:11:36.128] thr=1   paramiko.transport: Connected (version 2.0, client OpenSSH_7.4)
DEB [20201102-21:11:36.146] thr=1   paramiko.transport: kex algos:['curve25519-sha256', 'curve25519-sha256@libssh.org', 'ecdh-sha2-nistp256', 'ecdh-sha2-nistp384', 'ecdh-sha2-nistp521', 'diffie-hellman-group-exchange-sha256', 'diffie-hellman-group16-sha512', 'diffie-hellman-group18-sha512', 'diffie-hellman-group-exchange-sha1', 'diffie-hellman-group14-sha256', 'diffie-hellman-group14-sha1', 'diffie-hellman-group1-sha1'] server key:['ssh-rsa', 'rsa-sha2-512', 'rsa-sha2-256', 'ecdsa-sha2-nistp256', 'ssh-ed25519'] client encrypt:['chacha20-poly1305@openssh.com', 'aes128-ctr', 'aes192-ctr', 'aes256-ctr', 'aes128-gcm@openssh.com', 'aes256-gcm@openssh.com', 'aes128-cbc', 'aes192-cbc', 'aes256-cbc', 'blowfish-cbc', 'cast128-cbc', '3des-cbc'] server encrypt:['chacha20-poly1305@openssh.com', 'aes128-ctr', 'aes192-ctr', 'aes256-ctr', 'aes128-gcm@openssh.com', 'aes256-gcm@openssh.com', 'aes128-cbc', 'aes192-cbc', 'aes256-cbc', 'blowfish-cbc', 'cast128-cbc', '3des-cbc'] client mac:['umac-64-etm@openssh.com', 'umac-128-etm@openssh.com', 'hmac-sha2-256-etm@openssh.com', 'hmac-sha2-512-etm@openssh.com', 'hmac-sha1-etm@openssh.com', 'umac-64@openssh.com', 'umac-128@openssh.com', 'hmac-sha2-256', 'hmac-sha2-512', 'hmac-sha1'] server mac:['umac-64-etm@openssh.com', 'umac-128-etm@openssh.com', 'hmac-sha2-256-etm@openssh.com', 'hmac-sha2-512-etm@openssh.com', 'hmac-sha1-etm@openssh.com', 'umac-64@openssh.com', 'umac-128@openssh.com', 'hmac-sha2-256', 'hmac-sha2-512', 'hmac-sha1'] client compress:['none', 'zlib@openssh.com'] server compress:['none', 'zlib@openssh.com'] client lang:[''] server lang:[''] kex follows?False
DEB [20201102-21:11:36.146] thr=1   paramiko.transport: Kex agreed: curve25519-sha256@libssh.org
DEB [20201102-21:11:36.146] thr=1   paramiko.transport: HostKey agreed: ssh-ed25519
DEB [20201102-21:11:36.146] thr=1   paramiko.transport: Cipher agreed: aes128-ctr
DEB [20201102-21:11:36.146] thr=1   paramiko.transport: MAC agreed: hmac-sha2-256
DEB [20201102-21:11:36.146] thr=1   paramiko.transport: Compression agreed: none
DEB [20201102-21:11:36.283] thr=1   paramiko.transport: kex engine KexCurve25519 specified hash_algo <built-in function openssl_sha256>
DEB [20201102-21:11:36.285] thr=1   paramiko.transport: Switch to new keys ...
DEB [20201102-21:11:36.286] thr=2   paramiko.transport: Rejecting ssh-ed25519 host key for 192.168.1.72: b'5807da85d8c3fb3652c38b2204366594'
DEB [20201102-21:12:06.915] thr=1   paramiko.transport: starting thread (client mode): 0x5152b820
DEB [20201102-21:12:06.917] thr=1   paramiko.transport: Local version/idstring: SSH-2.0-paramiko_2.6.0
DEB [20201102-21:12:06.938] thr=1   paramiko.transport: Remote version/idstring: SSH-2.0-OpenSSH_7.4
INF [20201102-21:12:06.939] thr=1   paramiko.transport: Connected (version 2.0, client OpenSSH_7.4)
DEB [20201102-21:12:06.956] thr=1   paramiko.transport: kex algos:['curve25519-sha256', 'curve25519-sha256@libssh.org', 'ecdh-sha2-nistp256', 'ecdh-sha2-nistp384', 'ecdh-sha2-nistp521', 'diffie-hellman-group-exchange-sha256', 'diffie-hellman-group16-sha512', 'diffie-hellman-group18-sha512', 'diffie-hellman-group-exchange-sha1', 'diffie-hellman-group14-sha256', 'diffie-hellman-group14-sha1', 'diffie-hellman-group1-sha1'] server key:['ssh-rsa', 'rsa-sha2-512', 'rsa-sha2-256', 'ecdsa-sha2-nistp256', 'ssh-ed25519'] client encrypt:['chacha20-poly1305@openssh.com', 'aes128-ctr', 'aes192-ctr', 'aes256-ctr', 'aes128-gcm@openssh.com', 'aes256-gcm@openssh.com', 'aes128-cbc', 'aes192-cbc', 'aes256-cbc', 'blowfish-cbc', 'cast128-cbc', '3des-cbc'] server encrypt:['chacha20-poly1305@openssh.com', 'aes128-ctr', 'aes192-ctr', 'aes256-ctr', 'aes128-gcm@openssh.com', 'aes256-gcm@openssh.com', 'aes128-cbc', 'aes192-cbc', 'aes256-cbc', 'blowfish-cbc', 'cast128-cbc', '3des-cbc'] client mac:['umac-64-etm@openssh.com', 'umac-128-etm@openssh.com', 'hmac-sha2-256-etm@openssh.com', 'hmac-sha2-512-etm@openssh.com', 'hmac-sha1-etm@openssh.com', 'umac-64@openssh.com', 'umac-128@openssh.com', 'hmac-sha2-256', 'hmac-sha2-512', 'hmac-sha1'] server mac:['umac-64-etm@openssh.com', 'umac-128-etm@openssh.com', 'hmac-sha2-256-etm@openssh.com', 'hmac-sha2-512-etm@openssh.com', 'hmac-sha1-etm@openssh.com', 'umac-64@openssh.com', 'umac-128@openssh.com', 'hmac-sha2-256', 'hmac-sha2-512', 'hmac-sha1'] client compress:['none', 'zlib@openssh.com'] server compress:['none', 'zlib@openssh.com'] client lang:[''] server lang:[''] kex follows?False
DEB [20201102-21:12:06.956] thr=1   paramiko.transport: Kex agreed: curve25519-sha256@libssh.org
DEB [20201102-21:12:06.957] thr=1   paramiko.transport: HostKey agreed: ecdsa-sha2-nistp256
DEB [20201102-21:12:06.957] thr=1   paramiko.transport: Cipher agreed: aes128-ctr
DEB [20201102-21:12:06.957] thr=1   paramiko.transport: MAC agreed: hmac-sha2-256
DEB [20201102-21:12:06.957] thr=1   paramiko.transport: Compression agreed: none
DEB [20201102-21:12:07.043] thr=1   paramiko.transport: kex engine KexCurve25519 specified hash_algo <built-in function openssl_sha256>
DEB [20201102-21:12:07.047] thr=1   paramiko.transport: Switch to new keys ...
DEB [20201102-21:12:07.115] thr=1   paramiko.transport: userauth is OK
INF [20201102-21:12:07.210] thr=1   paramiko.transport: Auth banner: b'###########################################################\n                     \n                        WARNING\n\n                 Authorized access only. \n             Violoators will be prosecuted!\n\n###########################################################\n\n'
INF [20201102-21:12:07.210] thr=1   paramiko.transport: Authentication (password) successful!
DEB [20201102-21:12:07.211] thr=2   paramiko.transport: [chan 0] Max packet in: 32768 bytes
DEB [20201102-21:12:07.487] thr=1   paramiko.transport: Received global request "hostkeys-00@openssh.com"
DEB [20201102-21:12:07.487] thr=1   paramiko.transport: Rejecting "hostkeys-00@openssh.com" global request from server.
DEB [20201102-21:12:07.561] thr=1   paramiko.transport: [chan 0] Max packet out: 32768 bytes
DEB [20201102-21:12:07.561] thr=1   paramiko.transport: Secsh channel 0 opened.
DEB [20201102-21:12:07.591] thr=1   paramiko.transport: [chan 0] Sesch channel 0 request ok
DEB [20201102-21:12:07.614] thr=1   paramiko.transport: [chan 0] EOF received (0)
DEB [20201102-21:12:07.614] thr=1   paramiko.transport: [chan 0] EOF sent (0)
DEB [20201102-21:12:13.361] thr=1   paramiko.transport: starting thread (client mode): 0x8b4c8820
DEB [20201102-21:12:13.375] thr=1   paramiko.transport: Local version/idstring: SSH-2.0-paramiko_2.6.0
DEB [20201102-21:12:13.398] thr=1   paramiko.transport: Remote version/idstring: SSH-2.0-OpenSSH_7.4
INF [20201102-21:12:13.398] thr=1   paramiko.transport: Connected (version 2.0, client OpenSSH_7.4)
DEB [20201102-21:12:13.416] thr=1   paramiko.transport: kex algos:['curve25519-sha256', 'curve25519-sha256@libssh.org', 'ecdh-sha2-nistp256', 'ecdh-sha2-nistp384', 'ecdh-sha2-nistp521', 'diffie-hellman-group-exchange-sha256', 'diffie-hellman-group16-sha512', 'diffie-hellman-group18-sha512', 'diffie-hellman-group-exchange-sha1', 'diffie-hellman-group14-sha256', 'diffie-hellman-group14-sha1', 'diffie-hellman-group1-sha1'] server key:['ssh-rsa', 'rsa-sha2-512', 'rsa-sha2-256', 'ecdsa-sha2-nistp256', 'ssh-ed25519'] client encrypt:['chacha20-poly1305@openssh.com', 'aes128-ctr', 'aes192-ctr', 'aes256-ctr', 'aes128-gcm@openssh.com', 'aes256-gcm@openssh.com', 'aes128-cbc', 'aes192-cbc', 'aes256-cbc', 'blowfish-cbc', 'cast128-cbc', '3des-cbc'] server encrypt:['chacha20-poly1305@openssh.com', 'aes128-ctr', 'aes192-ctr', 'aes256-ctr', 'aes128-gcm@openssh.com', 'aes256-gcm@openssh.com', 'aes128-cbc', 'aes192-cbc', 'aes256-cbc', 'blowfish-cbc', 'cast128-cbc', '3des-cbc'] client mac:['umac-64-etm@openssh.com', 'umac-128-etm@openssh.com', 'hmac-sha2-256-etm@openssh.com', 'hmac-sha2-512-etm@openssh.com', 'hmac-sha1-etm@openssh.com', 'umac-64@openssh.com', 'umac-128@openssh.com', 'hmac-sha2-256', 'hmac-sha2-512', 'hmac-sha1'] server mac:['umac-64-etm@openssh.com', 'umac-128-etm@openssh.com', 'hmac-sha2-256-etm@openssh.com', 'hmac-sha2-512-etm@openssh.com', 'hmac-sha1-etm@openssh.com', 'umac-64@openssh.com', 'umac-128@openssh.com', 'hmac-sha2-256', 'hmac-sha2-512', 'hmac-sha1'] client compress:['none', 'zlib@openssh.com'] server compress:['none', 'zlib@openssh.com'] client lang:[''] server lang:[''] kex follows?False
DEB [20201102-21:12:13.416] thr=1   paramiko.transport: Kex agreed: curve25519-sha256@libssh.org
DEB [20201102-21:12:13.416] thr=1   paramiko.transport: HostKey agreed: ecdsa-sha2-nistp256
DEB [20201102-21:12:13.416] thr=1   paramiko.transport: Cipher agreed: aes128-ctr
DEB [20201102-21:12:13.416] thr=1   paramiko.transport: MAC agreed: hmac-sha2-256
DEB [20201102-21:12:13.417] thr=1   paramiko.transport: Compression agreed: none
DEB [20201102-21:12:13.503] thr=1   paramiko.transport: kex engine KexCurve25519 specified hash_algo <built-in function openssl_sha256>
DEB [20201102-21:12:13.505] thr=1   paramiko.transport: Switch to new keys ...
DEB [20201102-21:12:13.577] thr=1   paramiko.transport: userauth is OK
INF [20201102-21:12:13.672] thr=1   paramiko.transport: Auth banner: b'###########################################################\n                     \n                        WARNING\n\n                 Authorized access only. \n             Violoators will be prosecuted!\n\n###########################################################\n\n'
INF [20201102-21:12:13.672] thr=1   paramiko.transport: Authentication (password) successful!
DEB [20201102-21:12:13.674] thr=2   paramiko.transport: [chan 0] Max packet in: 32768 bytes
DEB [20201102-21:12:13.939] thr=1   paramiko.transport: Received global request "hostkeys-00@openssh.com"
DEB [20201102-21:12:13.939] thr=1   paramiko.transport: Rejecting "hostkeys-00@openssh.com" global request from server.
DEB [20201102-21:12:13.996] thr=1   paramiko.transport: [chan 0] Max packet out: 32768 bytes
DEB [20201102-21:12:13.996] thr=1   paramiko.transport: Secsh channel 0 opened.
DEB [20201102-21:12:14.026] thr=1   paramiko.transport: [chan 0] Sesch channel 0 request ok
DEB [20201102-21:12:14.052] thr=1   paramiko.transport: [chan 0] EOF received (0)
DEB [20201102-21:12:14.052] thr=1   paramiko.transport: [chan 0] EOF sent (0)
DEB [20201102-21:12:26.045] thr=1   paramiko.transport: starting thread (client mode): 0x7c66f820
DEB [20201102-21:12:26.049] thr=1   paramiko.transport: Local version/idstring: SSH-2.0-paramiko_2.6.0
DEB [20201102-21:12:26.080] thr=1   paramiko.transport: Remote version/idstring: SSH-2.0-OpenSSH_7.4
INF [20201102-21:12:26.080] thr=1   paramiko.transport: Connected (version 2.0, client OpenSSH_7.4)
DEB [20201102-21:12:26.100] thr=1   paramiko.transport: kex algos:['curve25519-sha256', 'curve25519-sha256@libssh.org', 'ecdh-sha2-nistp256', 'ecdh-sha2-nistp384', 'ecdh-sha2-nistp521', 'diffie-hellman-group-exchange-sha256', 'diffie-hellman-group16-sha512', 'diffie-hellman-group18-sha512', 'diffie-hellman-group-exchange-sha1', 'diffie-hellman-group14-sha256', 'diffie-hellman-group14-sha1', 'diffie-hellman-group1-sha1'] server key:['ssh-rsa', 'rsa-sha2-512', 'rsa-sha2-256', 'ecdsa-sha2-nistp256', 'ssh-ed25519'] client encrypt:['chacha20-poly1305@openssh.com', 'aes128-ctr', 'aes192-ctr', 'aes256-ctr', 'aes128-gcm@openssh.com', 'aes256-gcm@openssh.com', 'aes128-cbc', 'aes192-cbc', 'aes256-cbc', 'blowfish-cbc', 'cast128-cbc', '3des-cbc'] server encrypt:['chacha20-poly1305@openssh.com', 'aes128-ctr', 'aes192-ctr', 'aes256-ctr', 'aes128-gcm@openssh.com', 'aes256-gcm@openssh.com', 'aes128-cbc', 'aes192-cbc', 'aes256-cbc', 'blowfish-cbc', 'cast128-cbc', '3des-cbc'] client mac:['umac-64-etm@openssh.com', 'umac-128-etm@openssh.com', 'hmac-sha2-256-etm@openssh.com', 'hmac-sha2-512-etm@openssh.com', 'hmac-sha1-etm@openssh.com', 'umac-64@openssh.com', 'umac-128@openssh.com', 'hmac-sha2-256', 'hmac-sha2-512', 'hmac-sha1'] server mac:['umac-64-etm@openssh.com', 'umac-128-etm@openssh.com', 'hmac-sha2-256-etm@openssh.com', 'hmac-sha2-512-etm@openssh.com', 'hmac-sha1-etm@openssh.com', 'umac-64@openssh.com', 'umac-128@openssh.com', 'hmac-sha2-256', 'hmac-sha2-512', 'hmac-sha1'] client compress:['none', 'zlib@openssh.com'] server compress:['none', 'zlib@openssh.com'] client lang:[''] server lang:[''] kex follows?False
DEB [20201102-21:12:26.101] thr=1   paramiko.transport: Kex agreed: curve25519-sha256@libssh.org
DEB [20201102-21:12:26.101] thr=1   paramiko.transport: HostKey agreed: ecdsa-sha2-nistp256
DEB [20201102-21:12:26.101] thr=1   paramiko.transport: Cipher agreed: aes128-ctr
DEB [20201102-21:12:26.101] thr=1   paramiko.transport: MAC agreed: hmac-sha2-256
DEB [20201102-21:12:26.101] thr=1   paramiko.transport: Compression agreed: none
DEB [20201102-21:12:26.186] thr=1   paramiko.transport: kex engine KexCurve25519 specified hash_algo <built-in function openssl_sha256>
DEB [20201102-21:12:26.188] thr=1   paramiko.transport: Switch to new keys ...
DEB [20201102-21:12:26.259] thr=1   paramiko.transport: userauth is OK
INF [20201102-21:12:26.355] thr=1   paramiko.transport: Auth banner: b'###########################################################\n                     \n                        WARNING\n\n                 Authorized access only. \n             Violoators will be prosecuted!\n\n###########################################################\n\n'
INF [20201102-21:12:26.356] thr=1   paramiko.transport: Authentication (password) successful!
DEB [20201102-21:12:26.357] thr=2   paramiko.transport: [chan 0] Max packet in: 32768 bytes
DEB [20201102-21:12:26.626] thr=1   paramiko.transport: Received global request "hostkeys-00@openssh.com"
DEB [20201102-21:12:26.626] thr=1   paramiko.transport: Rejecting "hostkeys-00@openssh.com" global request from server.
DEB [20201102-21:12:26.684] thr=1   paramiko.transport: [chan 0] Max packet out: 32768 bytes
DEB [20201102-21:12:26.684] thr=1   paramiko.transport: Secsh channel 0 opened.
DEB [20201102-21:12:26.709] thr=1   paramiko.transport: [chan 0] Sesch channel 0 request ok
DEB [20201102-21:12:26.740] thr=1   paramiko.transport: [chan 0] EOF received (0)
DEB [20201102-21:12:26.740] thr=1   paramiko.transport: [chan 0] EOF sent (0)
DEB [20201102-21:14:32.218] thr=1   paramiko.transport: starting thread (client mode): 0xb3184820
DEB [20201102-21:14:32.221] thr=1   paramiko.transport: Local version/idstring: SSH-2.0-paramiko_2.6.0
DEB [20201102-21:14:32.254] thr=1   paramiko.transport: Remote version/idstring: SSH-2.0-OpenSSH_7.4
INF [20201102-21:14:32.254] thr=1   paramiko.transport: Connected (version 2.0, client OpenSSH_7.4)
DEB [20201102-21:14:32.272] thr=1   paramiko.transport: kex algos:['curve25519-sha256', 'curve25519-sha256@libssh.org', 'ecdh-sha2-nistp256', 'ecdh-sha2-nistp384', 'ecdh-sha2-nistp521', 'diffie-hellman-group-exchange-sha256', 'diffie-hellman-group16-sha512', 'diffie-hellman-group18-sha512', 'diffie-hellman-group-exchange-sha1', 'diffie-hellman-group14-sha256', 'diffie-hellman-group14-sha1', 'diffie-hellman-group1-sha1'] server key:['ssh-rsa', 'rsa-sha2-512', 'rsa-sha2-256', 'ecdsa-sha2-nistp256', 'ssh-ed25519'] client encrypt:['chacha20-poly1305@openssh.com', 'aes128-ctr', 'aes192-ctr', 'aes256-ctr', 'aes128-gcm@openssh.com', 'aes256-gcm@openssh.com', 'aes128-cbc', 'aes192-cbc', 'aes256-cbc', 'blowfish-cbc', 'cast128-cbc', '3des-cbc'] server encrypt:['chacha20-poly1305@openssh.com', 'aes128-ctr', 'aes192-ctr', 'aes256-ctr', 'aes128-gcm@openssh.com', 'aes256-gcm@openssh.com', 'aes128-cbc', 'aes192-cbc', 'aes256-cbc', 'blowfish-cbc', 'cast128-cbc', '3des-cbc'] client mac:['umac-64-etm@openssh.com', 'umac-128-etm@openssh.com', 'hmac-sha2-256-etm@openssh.com', 'hmac-sha2-512-etm@openssh.com', 'hmac-sha1-etm@openssh.com', 'umac-64@openssh.com', 'umac-128@openssh.com', 'hmac-sha2-256', 'hmac-sha2-512', 'hmac-sha1'] server mac:['umac-64-etm@openssh.com', 'umac-128-etm@openssh.com', 'hmac-sha2-256-etm@openssh.com', 'hmac-sha2-512-etm@openssh.com', 'hmac-sha1-etm@openssh.com', 'umac-64@openssh.com', 'umac-128@openssh.com', 'hmac-sha2-256', 'hmac-sha2-512', 'hmac-sha1'] client compress:['none', 'zlib@openssh.com'] server compress:['none', 'zlib@openssh.com'] client lang:[''] server lang:[''] kex follows?False
DEB [20201102-21:14:32.272] thr=1   paramiko.transport: Kex agreed: curve25519-sha256@libssh.org
DEB [20201102-21:14:32.272] thr=1   paramiko.transport: HostKey agreed: ecdsa-sha2-nistp256
DEB [20201102-21:14:32.272] thr=1   paramiko.transport: Cipher agreed: aes128-ctr
DEB [20201102-21:14:32.272] thr=1   paramiko.transport: MAC agreed: hmac-sha2-256
DEB [20201102-21:14:32.272] thr=1   paramiko.transport: Compression agreed: none
DEB [20201102-21:14:32.359] thr=1   paramiko.transport: kex engine KexCurve25519 specified hash_algo <built-in function openssl_sha256>
DEB [20201102-21:14:32.363] thr=1   paramiko.transport: Switch to new keys ...
DEB [20201102-21:14:32.434] thr=1   paramiko.transport: userauth is OK
INF [20201102-21:14:32.529] thr=1   paramiko.transport: Auth banner: b'###########################################################\n                     \n                        WARNING\n\n                 Authorized access only. \n             Violoators will be prosecuted!\n\n###########################################################\n\n'
INF [20201102-21:14:32.530] thr=1   paramiko.transport: Authentication (password) successful!
DEB [20201102-21:14:32.530] thr=2   paramiko.transport: [chan 0] Max packet in: 32768 bytes
DEB [20201102-21:14:32.805] thr=1   paramiko.transport: Received global request "hostkeys-00@openssh.com"
DEB [20201102-21:14:32.805] thr=1   paramiko.transport: Rejecting "hostkeys-00@openssh.com" global request from server.
DEB [20201102-21:14:32.867] thr=1   paramiko.transport: [chan 0] Max packet out: 32768 bytes
DEB [20201102-21:14:32.868] thr=1   paramiko.transport: Secsh channel 0 opened.
DEB [20201102-21:14:32.896] thr=1   paramiko.transport: [chan 0] Sesch channel 0 request ok
DEB [20201102-21:14:32.905] thr=2   paramiko.transport: [chan 0] EOF sent (0)
DEB [20201102-21:14:32.905] thr=2   paramiko.transport: Dropping user packet because connection is dead.
DEB [20201102-21:15:17.358] thr=1   paramiko.transport: starting thread (client mode): 0x58615820
DEB [20201102-21:15:17.360] thr=1   paramiko.transport: Local version/idstring: SSH-2.0-paramiko_2.6.0
DEB [20201102-21:15:17.373] thr=1   paramiko.transport: Remote version/idstring: SSH-2.0-OpenSSH_7.4
INF [20201102-21:15:17.374] thr=1   paramiko.transport: Connected (version 2.0, client OpenSSH_7.4)
DEB [20201102-21:15:17.382] thr=1   paramiko.transport: kex algos:['curve25519-sha256', 'curve25519-sha256@libssh.org', 'ecdh-sha2-nistp256', 'ecdh-sha2-nistp384', 'ecdh-sha2-nistp521', 'diffie-hellman-group-exchange-sha256', 'diffie-hellman-group16-sha512', 'diffie-hellman-group18-sha512', 'diffie-hellman-group-exchange-sha1', 'diffie-hellman-group14-sha256', 'diffie-hellman-group14-sha1', 'diffie-hellman-group1-sha1'] server key:['ssh-rsa', 'rsa-sha2-512', 'rsa-sha2-256', 'ecdsa-sha2-nistp256', 'ssh-ed25519'] client encrypt:['chacha20-poly1305@openssh.com', 'aes128-ctr', 'aes192-ctr', 'aes256-ctr', 'aes128-gcm@openssh.com', 'aes256-gcm@openssh.com', 'aes128-cbc', 'aes192-cbc', 'aes256-cbc', 'blowfish-cbc', 'cast128-cbc', '3des-cbc'] server encrypt:['chacha20-poly1305@openssh.com', 'aes128-ctr', 'aes192-ctr', 'aes256-ctr', 'aes128-gcm@openssh.com', 'aes256-gcm@openssh.com', 'aes128-cbc', 'aes192-cbc', 'aes256-cbc', 'blowfish-cbc', 'cast128-cbc', '3des-cbc'] client mac:['umac-64-etm@openssh.com', 'umac-128-etm@openssh.com', 'hmac-sha2-256-etm@openssh.com', 'hmac-sha2-512-etm@openssh.com', 'hmac-sha1-etm@openssh.com', 'umac-64@openssh.com', 'umac-128@openssh.com', 'hmac-sha2-256', 'hmac-sha2-512', 'hmac-sha1'] server mac:['umac-64-etm@openssh.com', 'umac-128-etm@openssh.com', 'hmac-sha2-256-etm@openssh.com', 'hmac-sha2-512-etm@openssh.com', 'hmac-sha1-etm@openssh.com', 'umac-64@openssh.com', 'umac-128@openssh.com', 'hmac-sha2-256', 'hmac-sha2-512', 'hmac-sha1'] client compress:['none', 'zlib@openssh.com'] server compress:['none', 'zlib@openssh.com'] client lang:[''] server lang:[''] kex follows?False
DEB [20201102-21:15:17.383] thr=1   paramiko.transport: Kex agreed: curve25519-sha256@libssh.org
DEB [20201102-21:15:17.383] thr=1   paramiko.transport: HostKey agreed: ecdsa-sha2-nistp256
DEB [20201102-21:15:17.383] thr=1   paramiko.transport: Cipher agreed: aes128-ctr
DEB [20201102-21:15:17.383] thr=1   paramiko.transport: MAC agreed: hmac-sha2-256
DEB [20201102-21:15:17.383] thr=1   paramiko.transport: Compression agreed: none
DEB [20201102-21:15:17.499] thr=1   paramiko.transport: kex engine KexCurve25519 specified hash_algo <built-in function openssl_sha256>
DEB [20201102-21:15:17.502] thr=1   paramiko.transport: Switch to new keys ...
DEB [20201102-21:15:17.567] thr=1   paramiko.transport: userauth is OK
INF [20201102-21:15:17.666] thr=1   paramiko.transport: Auth banner: b'###########################################################\n                     \n                        WARNING\n\n                 Authorized access only. \n             Violoators will be prosecuted!\n\n###########################################################\n\n'
INF [20201102-21:15:17.666] thr=1   paramiko.transport: Authentication (password) successful!
DEB [20201102-21:15:17.667] thr=2   paramiko.transport: [chan 0] Max packet in: 32768 bytes
DEB [20201102-21:15:17.946] thr=1   paramiko.transport: Received global request "hostkeys-00@openssh.com"
DEB [20201102-21:15:17.946] thr=1   paramiko.transport: Rejecting "hostkeys-00@openssh.com" global request from server.
DEB [20201102-21:15:18.004] thr=1   paramiko.transport: [chan 0] Max packet out: 32768 bytes
DEB [20201102-21:15:18.004] thr=1   paramiko.transport: Secsh channel 0 opened.
DEB [20201102-21:15:18.033] thr=1   paramiko.transport: [chan 0] Sesch channel 0 request ok
DEB [20201102-21:15:18.055] thr=2   paramiko.transport: [chan 0] EOF sent (0)
DEB [20201102-21:15:18.059] thr=2   paramiko.transport: Dropping user packet because connection is dead.
DEB [20201102-21:15:31.407] thr=1   paramiko.transport: starting thread (client mode): 0xbca5b820
DEB [20201102-21:15:31.410] thr=1   paramiko.transport: Local version/idstring: SSH-2.0-paramiko_2.6.0
DEB [20201102-21:15:31.436] thr=1   paramiko.transport: Remote version/idstring: SSH-2.0-OpenSSH_7.4
INF [20201102-21:15:31.436] thr=1   paramiko.transport: Connected (version 2.0, client OpenSSH_7.4)
DEB [20201102-21:15:31.455] thr=1   paramiko.transport: kex algos:['curve25519-sha256', 'curve25519-sha256@libssh.org', 'ecdh-sha2-nistp256', 'ecdh-sha2-nistp384', 'ecdh-sha2-nistp521', 'diffie-hellman-group-exchange-sha256', 'diffie-hellman-group16-sha512', 'diffie-hellman-group18-sha512', 'diffie-hellman-group-exchange-sha1', 'diffie-hellman-group14-sha256', 'diffie-hellman-group14-sha1', 'diffie-hellman-group1-sha1'] server key:['ssh-rsa', 'rsa-sha2-512', 'rsa-sha2-256', 'ecdsa-sha2-nistp256', 'ssh-ed25519'] client encrypt:['chacha20-poly1305@openssh.com', 'aes128-ctr', 'aes192-ctr', 'aes256-ctr', 'aes128-gcm@openssh.com', 'aes256-gcm@openssh.com', 'aes128-cbc', 'aes192-cbc', 'aes256-cbc', 'blowfish-cbc', 'cast128-cbc', '3des-cbc'] server encrypt:['chacha20-poly1305@openssh.com', 'aes128-ctr', 'aes192-ctr', 'aes256-ctr', 'aes128-gcm@openssh.com', 'aes256-gcm@openssh.com', 'aes128-cbc', 'aes192-cbc', 'aes256-cbc', 'blowfish-cbc', 'cast128-cbc', '3des-cbc'] client mac:['umac-64-etm@openssh.com', 'umac-128-etm@openssh.com', 'hmac-sha2-256-etm@openssh.com', 'hmac-sha2-512-etm@openssh.com', 'hmac-sha1-etm@openssh.com', 'umac-64@openssh.com', 'umac-128@openssh.com', 'hmac-sha2-256', 'hmac-sha2-512', 'hmac-sha1'] server mac:['umac-64-etm@openssh.com', 'umac-128-etm@openssh.com', 'hmac-sha2-256-etm@openssh.com', 'hmac-sha2-512-etm@openssh.com', 'hmac-sha1-etm@openssh.com', 'umac-64@openssh.com', 'umac-128@openssh.com', 'hmac-sha2-256', 'hmac-sha2-512', 'hmac-sha1'] client compress:['none', 'zlib@openssh.com'] server compress:['none', 'zlib@openssh.com'] client lang:[''] server lang:[''] kex follows?False
DEB [20201102-21:15:31.455] thr=1   paramiko.transport: Kex agreed: curve25519-sha256@libssh.org
DEB [20201102-21:15:31.455] thr=1   paramiko.transport: HostKey agreed: ecdsa-sha2-nistp256
DEB [20201102-21:15:31.455] thr=1   paramiko.transport: Cipher agreed: aes128-ctr
DEB [20201102-21:15:31.455] thr=1   paramiko.transport: MAC agreed: hmac-sha2-256
DEB [20201102-21:15:31.455] thr=1   paramiko.transport: Compression agreed: none
DEB [20201102-21:15:31.562] thr=1   paramiko.transport: kex engine KexCurve25519 specified hash_algo <built-in function openssl_sha256>
DEB [20201102-21:15:31.574] thr=1   paramiko.transport: Switch to new keys ...
DEB [20201102-21:15:31.635] thr=1   paramiko.transport: userauth is OK
INF [20201102-21:15:31.731] thr=1   paramiko.transport: Auth banner: b'###########################################################\n                     \n                        WARNING\n\n                 Authorized access only. \n             Violoators will be prosecuted!\n\n###########################################################\n\n'
INF [20201102-21:15:31.732] thr=1   paramiko.transport: Authentication (password) successful!
DEB [20201102-21:15:31.733] thr=2   paramiko.transport: [chan 0] Max packet in: 32768 bytes
DEB [20201102-21:15:31.997] thr=1   paramiko.transport: Received global request "hostkeys-00@openssh.com"
DEB [20201102-21:15:31.997] thr=1   paramiko.transport: Rejecting "hostkeys-00@openssh.com" global request from server.
DEB [20201102-21:15:32.060] thr=1   paramiko.transport: [chan 0] Max packet out: 32768 bytes
DEB [20201102-21:15:32.060] thr=1   paramiko.transport: Secsh channel 0 opened.
DEB [20201102-21:15:32.089] thr=1   paramiko.transport: [chan 0] Sesch channel 0 request ok
DEB [20201102-21:15:32.121] thr=2   paramiko.transport: [chan 0] EOF sent (0)
DEB [20201102-21:15:32.123] thr=2   paramiko.transport: Dropping user packet because connection is dead.
DEB [20201102-21:16:12.898] thr=1   paramiko.transport: starting thread (client mode): 0x5ddde820
DEB [20201102-21:16:12.901] thr=1   paramiko.transport: Local version/idstring: SSH-2.0-paramiko_2.6.0
DEB [20201102-21:16:12.927] thr=1   paramiko.transport: Remote version/idstring: SSH-2.0-OpenSSH_7.4
INF [20201102-21:16:12.928] thr=1   paramiko.transport: Connected (version 2.0, client OpenSSH_7.4)
DEB [20201102-21:16:12.945] thr=1   paramiko.transport: kex algos:['curve25519-sha256', 'curve25519-sha256@libssh.org', 'ecdh-sha2-nistp256', 'ecdh-sha2-nistp384', 'ecdh-sha2-nistp521', 'diffie-hellman-group-exchange-sha256', 'diffie-hellman-group16-sha512', 'diffie-hellman-group18-sha512', 'diffie-hellman-group-exchange-sha1', 'diffie-hellman-group14-sha256', 'diffie-hellman-group14-sha1', 'diffie-hellman-group1-sha1'] server key:['ssh-rsa', 'rsa-sha2-512', 'rsa-sha2-256', 'ecdsa-sha2-nistp256', 'ssh-ed25519'] client encrypt:['chacha20-poly1305@openssh.com', 'aes128-ctr', 'aes192-ctr', 'aes256-ctr', 'aes128-gcm@openssh.com', 'aes256-gcm@openssh.com', 'aes128-cbc', 'aes192-cbc', 'aes256-cbc', 'blowfish-cbc', 'cast128-cbc', '3des-cbc'] server encrypt:['chacha20-poly1305@openssh.com', 'aes128-ctr', 'aes192-ctr', 'aes256-ctr', 'aes128-gcm@openssh.com', 'aes256-gcm@openssh.com', 'aes128-cbc', 'aes192-cbc', 'aes256-cbc', 'blowfish-cbc', 'cast128-cbc', '3des-cbc'] client mac:['umac-64-etm@openssh.com', 'umac-128-etm@openssh.com', 'hmac-sha2-256-etm@openssh.com', 'hmac-sha2-512-etm@openssh.com', 'hmac-sha1-etm@openssh.com', 'umac-64@openssh.com', 'umac-128@openssh.com', 'hmac-sha2-256', 'hmac-sha2-512', 'hmac-sha1'] server mac:['umac-64-etm@openssh.com', 'umac-128-etm@openssh.com', 'hmac-sha2-256-etm@openssh.com', 'hmac-sha2-512-etm@openssh.com', 'hmac-sha1-etm@openssh.com', 'umac-64@openssh.com', 'umac-128@openssh.com', 'hmac-sha2-256', 'hmac-sha2-512', 'hmac-sha1'] client compress:['none', 'zlib@openssh.com'] server compress:['none', 'zlib@openssh.com'] client lang:[''] server lang:[''] kex follows?False
DEB [20201102-21:16:12.945] thr=1   paramiko.transport: Kex agreed: curve25519-sha256@libssh.org
DEB [20201102-21:16:12.945] thr=1   paramiko.transport: HostKey agreed: ecdsa-sha2-nistp256
DEB [20201102-21:16:12.945] thr=1   paramiko.transport: Cipher agreed: aes128-ctr
DEB [20201102-21:16:12.945] thr=1   paramiko.transport: MAC agreed: hmac-sha2-256
DEB [20201102-21:16:12.945] thr=1   paramiko.transport: Compression agreed: none
DEB [20201102-21:16:13.048] thr=1   paramiko.transport: kex engine KexCurve25519 specified hash_algo <built-in function openssl_sha256>
DEB [20201102-21:16:13.054] thr=1   paramiko.transport: Switch to new keys ...
DEB [20201102-21:16:13.124] thr=1   paramiko.transport: userauth is OK
INF [20201102-21:16:13.218] thr=1   paramiko.transport: Auth banner: b'###########################################################\n                     \n                        WARNING\n\n                 Authorized access only. \n             Violoators will be prosecuted!\n\n###########################################################\n\n'
INF [20201102-21:16:13.219] thr=1   paramiko.transport: Authentication (password) successful!
DEB [20201102-21:16:13.219] thr=2   paramiko.transport: [chan 0] Max packet in: 32768 bytes
DEB [20201102-21:16:13.505] thr=1   paramiko.transport: Received global request "hostkeys-00@openssh.com"
DEB [20201102-21:16:13.505] thr=1   paramiko.transport: Rejecting "hostkeys-00@openssh.com" global request from server.
DEB [20201102-21:16:13.565] thr=1   paramiko.transport: [chan 0] Max packet out: 32768 bytes
DEB [20201102-21:16:13.565] thr=1   paramiko.transport: Secsh channel 0 opened.
DEB [20201102-21:16:13.594] thr=1   paramiko.transport: [chan 0] Sesch channel 0 request ok
DEB [20201102-21:16:13.619] thr=1   paramiko.transport: [chan 0] EOF received (0)
DEB [20201102-21:16:13.619] thr=1   paramiko.transport: [chan 0] EOF sent (0)
DEB [20201102-21:17:06.628] thr=1   paramiko.transport: starting thread (client mode): 0xc717e820
DEB [20201102-21:17:06.630] thr=1   paramiko.transport: Local version/idstring: SSH-2.0-paramiko_2.6.0
DEB [20201102-21:17:06.653] thr=1   paramiko.transport: Remote version/idstring: SSH-2.0-OpenSSH_7.4
INF [20201102-21:17:06.653] thr=1   paramiko.transport: Connected (version 2.0, client OpenSSH_7.4)
DEB [20201102-21:17:06.670] thr=1   paramiko.transport: kex algos:['curve25519-sha256', 'curve25519-sha256@libssh.org', 'ecdh-sha2-nistp256', 'ecdh-sha2-nistp384', 'ecdh-sha2-nistp521', 'diffie-hellman-group-exchange-sha256', 'diffie-hellman-group16-sha512', 'diffie-hellman-group18-sha512', 'diffie-hellman-group-exchange-sha1', 'diffie-hellman-group14-sha256', 'diffie-hellman-group14-sha1', 'diffie-hellman-group1-sha1'] server key:['ssh-rsa', 'rsa-sha2-512', 'rsa-sha2-256', 'ecdsa-sha2-nistp256', 'ssh-ed25519'] client encrypt:['chacha20-poly1305@openssh.com', 'aes128-ctr', 'aes192-ctr', 'aes256-ctr', 'aes128-gcm@openssh.com', 'aes256-gcm@openssh.com', 'aes128-cbc', 'aes192-cbc', 'aes256-cbc', 'blowfish-cbc', 'cast128-cbc', '3des-cbc'] server encrypt:['chacha20-poly1305@openssh.com', 'aes128-ctr', 'aes192-ctr', 'aes256-ctr', 'aes128-gcm@openssh.com', 'aes256-gcm@openssh.com', 'aes128-cbc', 'aes192-cbc', 'aes256-cbc', 'blowfish-cbc', 'cast128-cbc', '3des-cbc'] client mac:['umac-64-etm@openssh.com', 'umac-128-etm@openssh.com', 'hmac-sha2-256-etm@openssh.com', 'hmac-sha2-512-etm@openssh.com', 'hmac-sha1-etm@openssh.com', 'umac-64@openssh.com', 'umac-128@openssh.com', 'hmac-sha2-256', 'hmac-sha2-512', 'hmac-sha1'] server mac:['umac-64-etm@openssh.com', 'umac-128-etm@openssh.com', 'hmac-sha2-256-etm@openssh.com', 'hmac-sha2-512-etm@openssh.com', 'hmac-sha1-etm@openssh.com', 'umac-64@openssh.com', 'umac-128@openssh.com', 'hmac-sha2-256', 'hmac-sha2-512', 'hmac-sha1'] client compress:['none', 'zlib@openssh.com'] server compress:['none', 'zlib@openssh.com'] client lang:[''] server lang:[''] kex follows?False
DEB [20201102-21:17:06.671] thr=1   paramiko.transport: Kex agreed: curve25519-sha256@libssh.org
DEB [20201102-21:17:06.671] thr=1   paramiko.transport: HostKey agreed: ecdsa-sha2-nistp256
DEB [20201102-21:17:06.671] thr=1   paramiko.transport: Cipher agreed: aes128-ctr
DEB [20201102-21:17:06.671] thr=1   paramiko.transport: MAC agreed: hmac-sha2-256
DEB [20201102-21:17:06.671] thr=1   paramiko.transport: Compression agreed: none
DEB [20201102-21:17:06.757] thr=1   paramiko.transport: kex engine KexCurve25519 specified hash_algo <built-in function openssl_sha256>
DEB [20201102-21:17:06.760] thr=1   paramiko.transport: Switch to new keys ...
DEB [20201102-21:17:06.831] thr=1   paramiko.transport: userauth is OK
INF [20201102-21:17:06.924] thr=1   paramiko.transport: Auth banner: b'###########################################################\n                     \n                        WARNING\n\n                 Authorized access only. \n             Violoators will be prosecuted!\n\n###########################################################\n\n'
INF [20201102-21:17:06.924] thr=1   paramiko.transport: Authentication (password) successful!
DEB [20201102-21:17:06.925] thr=2   paramiko.transport: [chan 0] Max packet in: 32768 bytes
DEB [20201102-21:17:07.202] thr=1   paramiko.transport: Received global request "hostkeys-00@openssh.com"
DEB [20201102-21:17:07.202] thr=1   paramiko.transport: Rejecting "hostkeys-00@openssh.com" global request from server.
DEB [20201102-21:17:07.260] thr=1   paramiko.transport: [chan 0] Max packet out: 32768 bytes
DEB [20201102-21:17:07.260] thr=1   paramiko.transport: Secsh channel 0 opened.
DEB [20201102-21:17:07.292] thr=1   paramiko.transport: [chan 0] Sesch channel 0 request ok
DEB [20201102-21:17:07.313] thr=2   paramiko.transport: [chan 0] EOF sent (0)
DEB [20201102-21:17:07.324] thr=2   paramiko.transport: Dropping user packet because connection is dead.
